This is pdfTeX, Version 3.14159265-2.6-1.40.21 (TeX Live 2020/W32TeX) (preloaded format=latex 2020.4.12)  2 DEC 2022 18:57
entering extended mode
 restricted \write18 enabled.
 file:line:error style messages enabled.
 %&-line parsing enabled.
**d:/Kody/LaTeX/Zpevnik/Zpevnik.tex
(d:/Kody/LaTeX/Zpevnik/Zpevnik.tex
LaTeX2e <2020-02-02> patch level 5
L3 programming layer <2020-03-06> (c:/texlive/2020/texmf-dist/tex/latex/extsizes/extarticle.cls
Document Class: extarticle 1996/10/08 v1.0 Non Standard LaTeX document class
(c:/texlive/2020/texmf-dist/tex/latex/base/size11.clo
File: size11.clo 2019/12/20 v1.4l Standard LaTeX file (size option)
) (c:/texlive/2020/texmf-dist/tex/latex/base/exscale.sty
Package: exscale 2018/09/24 v2.1i Standard LaTeX package exscale
LaTeX Font Info:    Redeclaring symbol font `largesymbols' on input line 57.
LaTeX Font Info:    Overwriting symbol font `largesymbols' in version `normal'
(Font)                  OMX/cmex/m/n --> OMX/cmex/m/n on input line 57.
LaTeX Font Info:    Overwriting symbol font `largesymbols' in version `bold'
(Font)                  OMX/cmex/m/n --> OMX/cmex/m/n on input line 57.
\big@size=\dimen134
)
\c@part=\count167
\c@section=\count168
\c@subsection=\count169
\c@subsubsection=\count170
\c@paragraph=\count171
\c@subparagraph=\count172
\c@figure=\count173
\c@table=\count174
\abovecaptionskip=\skip47
\belowcaptionskip=\skip48
\bibindent=\dimen135
) (c:/texlive/2020/texmf-dist/tex/generic/iftex/ifpdf.sty
Package: ifpdf 2019/10/25 v3.4 ifpdf legacy package. Use iftex instead.
 (c:/texlive/2020/texmf-dist/tex/generic/iftex/iftex.sty
Package: iftex 2020/03/06 v1.0d TeX engine tests
)) (c:/texlive/2020/texmf-dist/tex/latex/songs/songs.sty
Package: songs 2018/09/12 v3.1 Songs package
\SB@dimen=\dimen136
\SB@dimenii=\dimen137
\SB@dimeniii=\dimen138
\SB@dimeniv=\dimen139
\SB@box=\box45
\SB@boxii=\box46
\SB@boxiii=\box47
\SB@toks=\toks15
\SB@cnt=\count175
\SB@cntii=\count176
\SB@skip=\skip49
\SB@envbox=\box48
 (c:/texlive/2020/texmf-dist/tex/latex/graphics/keyval.sty
Package: keyval 2014/10/28 v1.15 key=value parser (DPC)
\KV@toks@=\toks16
)
\c@songnum=\count177
\c@versenum=\count178
\versesep=\skip50
\afterpreludeskip=\skip51
\beforepostludeskip=\skip52
\baselineadj=\skip53
\idxheadwidth=\skip54
\songnumwidth=\skip55
\versenumwidth=\skip56
\cbarwidth=\skip57
\sbarheight=\skip58
\vvpenalty=\count179
\ccpenalty=\count180
\vcpenalty=\count181
\cvpenalty=\count182
\brkpenalty=\count183
\spenalty=\count184
\minfrets=\count185
\SB@colwidth=\dimen140
\SB@songbox=\box49
\SB@numcols=\count186
\SB@colnum=\count187
\SB@colbox=\box50
\SB@pgbox=\box51
\SB@mrkbox=\box52
\SB@groupcnt=\count188
\SB@titlelist=\toks17
\SB@titletail=\toks18
\SB@parindent=\dimen141
\SB@chorusbox=\box53
\SB@cmarkclass=\marks1
\SB@nocmarkclass=\marks2
\SB@grouplvl=\count189
\SB@transposefactor=\count190
\SB@lyric=\toks19
\SB@numhyps=\count191
\SB@lyricnohyp=\toks20
\SB@lyricbox=\box54
\SB@chordbox=\box55
\SB@cr@=\toks21
\SB@ctail=\toks22
\SB@fretwidth=\skip59
\SB@tabindent=\dimen142
\c@SB@songsnum=\count192
\SB@songwrites=\box56
LaTeX Font Info:    External font `cmex7' loaded for size
(Font)              <6> on input line 3785.
 (c:/texlive/2020/texmf-dist/tex/latex/graphics/color.sty
Package: color 2019/11/23 v1.2a Standard LaTeX Color (DPC)
 (c:/texlive/2020/texmf-dist/tex/latex/graphics-cfg/color.cfg
File: color.cfg 2016/01/02 v1.6 sample color configuration
)
Package color Info: Driver file: dvips.def on input line 147.
 (c:/texlive/2020/texmf-dist/tex/latex/graphics-def/dvips.def
File: dvips.def 2017/06/20 v3.1d Graphics/color driver for dvips
) (c:/texlive/2020/texmf-dist/tex/latex/graphics/dvipsnam.def
File: dvipsnam.def 2016/06/17 v3.0m Driver-dependent file (DPC,SPQR)
))) (c:/texlive/2020/texmf-dist/tex/latex/musixtex/musixtex.sty (c:/texlive/2020/texmf-dist/tex/generic/musixtex/musixtex.tex
MusiXTeX(c) 1.30beta <2018-08-09>
\n@i=\count193
\n@ii=\count194
\n@iii=\count195
\n@iv=\count196
\n@v=\count197
\n@vi=\count198
\n@vii=\count199
\n@viii=\count266
\count@=\count267
\toks@box=\box57
\w@rkbox=\box58
\n@otebox=\box59
\y@=\dimen143
\y@i=\dimen144
\y@ii=\dimen145
\y@iii=\dimen146
\y@iv=\dimen147
\y@v=\dimen148
\group@no=\count268
\interinstrument=\dimen149
\N@s=\count269
\s@Y=\dimen150
\lin@pos=\dimen151
\meet@minus@n@iv=\count270
\interbeam=\dimen152
\b@amthick=\dimen153
\Interligne=\dimen154
\Internote=\dimen155
\ch@box=\box60
\musicsize=\count271
\qd@skip=\dimen156
\qn@width=\dimen157
\wn@width=\dimen158
\txt@ff=\skip60
\s@indent=\skip61
\big@spc=\skip62
\lthick=\dimen159
\afterruleskip=\skip63
\staffbotmarg=\dimen160
\stafftopmarg=\dimen161
\line@width=\dimen162
\interportee=\dimen163
\noport@@=\count272
\noinstrum@nt=\count273
\altportee=\dimen164
\systemheight=\dimen165
\altplancher=\dimen166
\instrum@in@group=\skip64
\boxitsep=\skip65
\barsinpi@c@=\count274
\barno=\count275
\startbarno=\count276
\sign@skip=\dimen167
\maxsign@skip=\dimen168
\x@skip=\dimen169
\n@skip=\dimen170
\beforeruleskip=\skip66
\widthtyp@=\count277
\lastbarno=\count278
\cut@v=\skip67
\init@volta@pos=\skip68
\volta@startcor=\skip69
\volta@endcor=\skip70
\writ@volta@box=\box61
\barsinlin@=\count279
\maxbarsinlin@=\count280
\lastbarpos=\skip71
\ut@ref=\count281
\meterskip=\skip72
\t@c=\toks23
\clef@skip=\skip73
\noteskip=\dimen171
\transpose=\count282
\normaltranspose=\count283
\locx@skip=\dimen172
\elemskip=\dimen173
\@l@mskip=\dimen174
\inh@alt=\count284
\st@bot=\dimen175
\st@top=\dimen176
\stem@skip=\dimen177
\s@lope=\dimen178
\y@vi=\dimen179
\lift@rest=\dimen180
\accshift=\skip74
\@icresc=\skip75
\pdl@pos=\dimen181
\bigwedgebox=\box62
\@itrillei=\skip76
\@itrilleii=\skip77
\@itrilleiii=\skip78
\@itrilleiv=\skip79
\@itrillev=\skip80
\@itrillevi=\skip81
\tr@number=\count285
\tr@nspose=\count286
\o@swz=\toks24
\o@number=\count287
\y@vii=\dimen182
\y@viii=\dimen183
\y@ix=\dimen184
\tuptxtb@x=\box63
\notes@open=\count288
\k@ii=\skip82
\i@ni=\dimen185
\b@xi=\dimen186
\b@zi=\dimen187
\c@xi=\dimen188
\c@zi=\skip83
\d@xi=\dimen189
\d@zi=\skip84
\e@xi=\dimen190
\e@zi=\skip85
\b@pi=\count289
\b@ni=\count290
\n@pi=\count291
\a@si=\count292
\o@si=\count293
\a@ci=\toks25
\o@ci=\toks26
\m@ti=\toks27
\k@iii=\skip86
\i@nii=\dimen191
\b@xii=\dimen192
\b@zii=\dimen193
\c@xii=\dimen194
\c@zii=\skip87
\d@xii=\dimen195
\d@zii=\skip88
\e@xii=\dimen196
\e@zii=\skip89
\b@pii=\count294
\b@nii=\count295
\n@pii=\count296
\a@sii=\count297
\o@sii=\count298
\a@cii=\toks28
\o@cii=\toks29
\m@tii=\toks30
\k@iiii=\skip90
\i@niii=\dimen197
\b@xiii=\dimen198
\b@ziii=\dimen199
\c@xiii=\dimen256
\c@ziii=\skip91
\d@xiii=\dimen257
\d@ziii=\skip92
\e@xiii=\dimen258
\e@ziii=\skip93
\b@piii=\count299
\b@niii=\count300
\n@piii=\count301
\a@siii=\count302
\o@siii=\count303
\a@ciii=\toks31
\o@ciii=\toks32
\m@tiii=\toks33
\k@iiv=\skip94
\i@niv=\dimen259
\b@xiv=\dimen260
\b@ziv=\dimen261
\c@xiv=\dimen262
\c@ziv=\skip95
\d@xiv=\dimen263
\d@ziv=\skip96
\e@xiv=\dimen264
\e@ziv=\skip97
\b@piv=\count304
\b@niv=\count305
\n@piv=\count306
\a@siv=\count307
\o@siv=\count308
\a@civ=\toks34
\o@civ=\toks35
\m@tiv=\toks36
\k@iv=\skip98
\i@nv=\dimen265
\b@xv=\dimen266
\b@zv=\dimen267
\c@xv=\dimen268
\c@zv=\skip99
\d@xv=\dimen269
\d@zv=\skip100
\e@xv=\dimen270
\e@zv=\skip101
\b@pv=\count309
\b@nv=\count310
\n@pv=\count311
\a@sv=\count312
\o@sv=\count313
\a@cv=\toks37
\o@cv=\toks38
\m@tv=\toks39
\k@ivi=\skip102
\i@nvi=\dimen271
\b@xvi=\dimen272
\b@zvi=\dimen273
\c@xvi=\dimen274
\c@zvi=\skip103
\d@xvi=\dimen275
\d@zvi=\skip104
\e@xvi=\dimen276
\e@zvi=\skip105
\b@pvi=\count314
\b@nvi=\count315
\n@pvi=\count316
\a@svi=\count317
\o@svi=\count318
\a@cvi=\toks40
\o@cvi=\toks41
\m@tvi=\toks42
maxinstruments=6
\f@xi=\dimen277
\f@zi=\skip106
\f@xii=\dimen278
\f@zii=\skip107
\f@xiii=\dimen279
\f@ziii=\skip108
\f@xiv=\dimen280
\f@ziv=\skip109
\f@xv=\dimen281
\f@zv=\skip110
\f@xvi=\dimen282
\f@zvi=\skip111
 max128beams=6
\g@bi=\skip112
\g@hi=\skip113
\g@bii=\skip114
\g@hii=\skip115
\g@biii=\skip116
\g@hiii=\skip117
 maxgroups=3
\s@xi=\dimen283
\s@si=\toks43
\s@Yi=\dimen284
\s@ai=\skip118
\s@yi=\count319
\s@Ni=\count320
\s@zi=\count321
\s@di=\toks44
\s@xii=\dimen285
\s@sii=\toks45
\s@Yii=\dimen286
\s@aii=\skip119
\s@yii=\count322
\s@Nii=\count323
\s@zii=\count324
\s@dii=\toks46
\s@xiii=\dimen287
\s@siii=\toks47
\s@Yiii=\dimen288
\s@aiii=\skip120
\s@yiii=\count325
\s@Niii=\count326
\s@ziii=\count327
\s@diii=\toks48
\s@xiv=\dimen289
\s@siv=\toks49
\s@Yiv=\dimen290
\s@aiv=\skip121
\s@yiv=\count328
\s@Niv=\count329
\s@ziv=\count330
\s@div=\toks50
\s@xv=\dimen291
\s@sv=\toks51
\s@Yv=\dimen292
\s@av=\skip122
\s@yv=\count331
\s@Nv=\count332
\s@zv=\count333
\s@dv=\toks52
\s@xvi=\dimen293
\s@svi=\toks53
\s@Yvi=\dimen294
\s@avi=\skip123
\s@yvi=\count334
\s@Nvi=\count335
\s@zvi=\count336
\s@dvi=\toks54
 maxslurs=6
\tr@xi=\skip124
\tr@swi=\toks55
\tr@yi=\skip125
\tr@xii=\skip126
\tr@swii=\toks56
\tr@yii=\skip127
\tr@xiii=\skip128
\tr@swiii=\toks57
\tr@yiii=\skip129
\tr@xiv=\skip130
\tr@swiv=\toks58
\tr@yiv=\skip131
\tr@xv=\skip132
\tr@swv=\toks59
\tr@yv=\skip133
\tr@xvi=\skip134
\tr@swvi=\toks60
\tr@yvi=\skip135
 maxtrills=6
\o@xi=\skip136
\o@yi=\skip137
\o@swi=\toks61
\o@xii=\skip138
\o@yii=\skip139
\o@swii=\toks62
\o@xiii=\skip140
\o@yiii=\skip141
\o@swiii=\toks63
\o@xiv=\skip142
\o@yiv=\skip143
\o@swiv=\toks64
\o@xv=\skip144
\o@yv=\skip145
\o@swv=\toks65
\o@xvi=\skip146
\o@yvi=\skip147
\o@swvi=\toks66
 maxoctlines=6
\outmux=\write3
\mulooseness=\count337
\linegoal=\count338
\l@eftrightbox=\box64
\stringraise=\count339
\inmux=\read2
) (c:/texlive/2020/texmf-dist/tex/latex/musixtex/musixltx.tex
MusiXLaTeX T.125 <8 April 2017>
)) (c:/texlive/2020/texmf-dist/tex/latex/graphics/graphicx.sty
Package: graphicx 2019/11/30 v1.2a Enhanced LaTeX Graphics (DPC,SPQR)
 (c:/texlive/2020/texmf-dist/tex/latex/graphics/graphics.sty
Package: graphics 2019/11/30 v1.4a Standard LaTeX Graphics (DPC,SPQR)
 (c:/texlive/2020/texmf-dist/tex/latex/graphics/trig.sty
Package: trig 2016/01/03 v1.10 sin cos tan (DPC)
) (c:/texlive/2020/texmf-dist/tex/latex/graphics-cfg/graphics.cfg
File: graphics.cfg 2016/06/04 v1.11 sample graphics configuration
)
Package graphics Info: Driver file: dvips.def on input line 105.
)
\Gin@req@height=\dimen295
\Gin@req@width=\dimen296
) (c:/texlive/2020/texmf-dist/tex/latex/etex-pkg/etex.sty
Package: etex 2016/08/01 v2.7 eTeX basic definition package (PEB,DPC)


Package etex Warning: Extended allocation already in use.
(etex)                etex.sty code will not be used.
(etex)                To force etex package to load, add
(etex)                \RequirePackage{etex}
(etex)                at the start of the document.

) (c:/texlive/2020/texmf-dist/tex/generic/babel/babel.sty
Package: babel 2020/03/22 3.42 The Babel package
 (c:/texlive/2020/texmf-dist/tex/generic/babel/switch.def
File: switch.def 2020/03/22 3.42 Babel switching mechanism
) (c:/texlive/2020/texmf-dist/tex/generic/babel-swedish/swedish.ldf
Language: swedish 2005/03/31 v2.3d Swedish support from the babel system
 (c:/texlive/2020/texmf-dist/tex/generic/babel/babel.def
File: babel.def 2020/03/22 3.42 Babel common definitions
\babel@savecnt=\count340
\U@D=\dimen297
 (c:/texlive/2020/texmf-dist/tex/generic/babel/txtbabel.def)
\bbl@readstream=\read3
\bbl@dirlevel=\count341
)
Package babel Info: Making " an active character on input line 90.
) (c:/texlive/2020/texmf-dist/tex/generic/babel-english/english.ldf
Language: english 2017/06/06 v3.3r English support from the babel system
Package babel Info: \l@canadian = using hyphenrules for english
(babel)             (\language0) on input line 102.
Package babel Info: \l@australian = using hyphenrules for ukenglish
(babel)             (\language21) on input line 105.
Package babel Info: \l@newzealand = using hyphenrules for ukenglish
(babel)             (\language21) on input line 108.
) (c:/texlive/2020/texmf-dist/tex/generic/babel-czech/czech.ldf
Language: czech 2008/07/06 v3.1a Czech support from the babel system
\cs@wordlen=\count342
Package babel Info: Making - an active character on input line 226.
)) (c:/texlive/2020/texmf-dist/tex/latex/base/inputenc.sty
Package: inputenc 2018/08/11 v1.3c Input encoding file
\inpenc@prehook=\toks67
\inpenc@posthook=\toks68
) (c:/texlive/2020/texmf-dist/tex/latex/base/fontenc.sty
Package: fontenc 2020/02/11 v2.0o Standard LaTeX package
) (c:/texlive/2020/texmf-dist/tex/latex/etoolbox/etoolbox.sty
Package: etoolbox 2019/09/21 v2.5h e-TeX tools for LaTeX (JAW)
\etb@tempcnta=\count343
) (c:/texlive/2020/texmf-dist/tex/latex/base/ifthen.sty
Package: ifthen 2014/09/29 v1.1c Standard LaTeX ifthen package (DPC)
) (c:/texlive/2020/texmf-dist/tex/latex/hyperref/hyperref.sty
Package: hyperref 2020/01/14 v7.00d Hypertext links for LaTeX
 (c:/texlive/2020/texmf-dist/tex/generic/ltxcmds/ltxcmds.sty
Package: ltxcmds 2019/12/15 v1.24 LaTeX kernel commands for general use (HO)
) (c:/texlive/2020/texmf-dist/tex/latex/pdftexcmds/pdftexcmds.sty
Package: pdftexcmds 2019/11/24 v0.31 Utility functions of pdfTeX for LuaTeX (HO)
 (c:/texlive/2020/texmf-dist/tex/generic/infwarerr/infwarerr.sty
Package: infwarerr 2019/12/03 v1.5 Providing info/warning/error messages (HO)
)
Package pdftexcmds Info: \pdf@primitive is available.
Package pdftexcmds Info: \pdf@ifprimitive is available.
Package pdftexcmds Info: \pdfdraftmode is ignored in DVI mode.
) (c:/texlive/2020/texmf-dist/tex/generic/kvsetkeys/kvsetkeys.sty
Package: kvsetkeys 2019/12/15 v1.18 Key value parser (HO)
) (c:/texlive/2020/texmf-dist/tex/generic/kvdefinekeys/kvdefinekeys.sty
Package: kvdefinekeys 2019-12-19 v1.6 Define keys (HO)
) (c:/texlive/2020/texmf-dist/tex/generic/pdfescape/pdfescape.sty
Package: pdfescape 2019/12/09 v1.15 Implements pdfTeX's escape features (HO)
) (c:/texlive/2020/texmf-dist/tex/latex/hycolor/hycolor.sty
Package: hycolor 2020-01-27 v1.10 Color options for hyperref/bookmark (HO)
) (c:/texlive/2020/texmf-dist/tex/latex/letltxmacro/letltxmacro.sty
Package: letltxmacro 2019/12/03 v1.6 Let assignment for LaTeX macros (HO)
) (c:/texlive/2020/texmf-dist/tex/latex/auxhook/auxhook.sty
Package: auxhook 2019-12-17 v1.6 Hooks for auxiliary files (HO)


Package auxhook Warning: Cannot patch \document,
(auxhook)                using \AtBeginDocument instead.

) (c:/texlive/2020/texmf-dist/tex/latex/kvoptions/kvoptions.sty
Package: kvoptions 2019/11/29 v3.13 Key value format for package options (HO)
)
\@linkdim=\dimen298
\Hy@linkcounter=\count344
\Hy@pagecounter=\count345
 (c:/texlive/2020/texmf-dist/tex/latex/hyperref/pd1enc.def
File: pd1enc.def 2020/01/14 v7.00d Hyperref: PDFDocEncoding definition (HO)
Now handling font encoding PD1 ...
... no UTF-8 mapping file for font encoding PD1
) (c:/texlive/2020/texmf-dist/tex/generic/intcalc/intcalc.sty
Package: intcalc 2019/12/15 v1.3 Expandable calculations with integers (HO)
) (c:/texlive/2020/texmf-dist/tex/generic/etexcmds/etexcmds.sty
Package: etexcmds 2019/12/15 v1.7 Avoid name clashes with e-TeX commands (HO)
)
\Hy@SavedSpaceFactor=\count346
Package hyperref Info: Option `unicode' set `true' on input line 4421.
 (c:/texlive/2020/texmf-dist/tex/latex/hyperref/puenc.def
File: puenc.def 2020/01/14 v7.00d Hyperref: PDF Unicode definition (HO)
Now handling font encoding PU ...
... no UTF-8 mapping file for font encoding PU
)
Package hyperref Info: Hyper figures OFF on input line 4547.
Package hyperref Info: Link nesting OFF on input line 4552.
Package hyperref Info: Hyper index ON on input line 4555.
Package hyperref Info: Plain pages OFF on input line 4562.
Package hyperref Info: Backreferencing OFF on input line 4567.
Package hyperref Info: Implicit mode ON; LaTeX internals redefined.
Package hyperref Info: Bookmarks ON on input line 4800.
\c@Hy@tempcnt=\count347
 (c:/texlive/2020/texmf-dist/tex/latex/url/url.sty
\Urlmuskip=\muskip16
Package: url 2013/09/16  ver 3.4  Verb mode for urls, etc.
)
LaTeX Info: Redefining \url on input line 5159.
\XeTeXLinkMargin=\dimen299
 (c:/texlive/2020/texmf-dist/tex/generic/bitset/bitset.sty
Package: bitset 2019/12/09 v1.3 Handle bit-vector datatype (HO)
 (c:/texlive/2020/texmf-dist/tex/generic/bigintcalc/bigintcalc.sty
Package: bigintcalc 2019/12/15 v1.5 Expandable calculations on big integers (HO)
))
\Fld@menulength=\count348
\Field@Width=\dimen300
\Fld@charsize=\dimen301
Package hyperref Info: Hyper figures OFF on input line 6430.
Package hyperref Info: Link nesting OFF on input line 6435.
Package hyperref Info: Hyper index ON on input line 6438.
Package hyperref Info: backreferencing OFF on input line 6445.
Package hyperref Info: Link coloring OFF on input line 6450.
Package hyperref Info: Link coloring with OCG OFF on input line 6455.
Package hyperref Info: PDF/A mode OFF on input line 6460.
LaTeX Info: Redefining \ref on input line 6500.
LaTeX Info: Redefining \pageref on input line 6504.
 (c:/texlive/2020/texmf-dist/tex/generic/atbegshi/atbegshi.sty
Package: atbegshi 2019/12/05 v1.19 At begin shipout hook (HO)
)
\Hy@abspage=\count349
\c@Item=\count350
\c@Hfootnote=\count351
)
Package hyperref Info: Driver (default): hdvips.
 (c:/texlive/2020/texmf-dist/tex/latex/hyperref/hdvips.def
File: hdvips.def 2020/01/14 v7.00d Hyperref driver for dvips
 (c:/texlive/2020/texmf-dist/tex/latex/hyperref/pdfmark.def
File: pdfmark.def 2020/01/14 v7.00d Hyperref definitions for pdfmark specials
\pdf@docset=\toks69
\pdf@box=\box65
\pdf@toks=\toks70
\pdf@defaulttoks=\toks71
\HyField@AnnotCount=\count352
\Fld@listcount=\count353
\c@bookmark@seq@number=\count354
 (c:/texlive/2020/texmf-dist/tex/latex/rerunfilecheck/rerunfilecheck.sty
Package: rerunfilecheck 2019/12/05 v1.9 Rerun checks for auxiliary files (HO)
 (c:/texlive/2020/texmf-dist/tex/latex/atveryend/atveryend.sty
Package: atveryend 2019-12-11 v1.11 Hooks at the very end of document (HO)
) (c:/texlive/2020/texmf-dist/tex/generic/uniquecounter/uniquecounter.sty
Package: uniquecounter 2019/12/15 v1.4 Provide unlimited unique counter (HO)
)
Package uniquecounter Info: New unique counter `rerunfilecheck' on input line 286.
)
\Hy@SectionHShift=\skip148
)) (c:/texlive/2020/texmf-dist/tex/latex/xargs/xargs.sty
Package: xargs 2008/03/22 v1.1  extended macro definitions  (mpg)
 (c:/texlive/2020/texmf-dist/tex/latex/xkeyval/xkeyval.sty
Package: xkeyval 2014/12/03 v2.7a package option processing (HA)
 (c:/texlive/2020/texmf-dist/tex/generic/xkeyval/xkeyval.tex (c:/texlive/2020/texmf-dist/tex/generic/xkeyval/xkvutils.tex
\XKV@toks=\toks72
\XKV@tempa@toks=\toks73
)
\XKV@depth=\count355
File: xkeyval.tex 2014/12/03 v2.7a key=value parser (HA)
))
\xargs@max=\count356
\xargs@toksa=\toks74
\xargs@toksb=\toks75
) (c:/texlive/2020/texmf-dist/tex/latex/l3backend/l3backend-dvips.def
File: l3backend-dvips.def 2020-03-12 L3 backend support: dvips
\l__pdf_internal_box=\box66
\g__pdf_backend_object_int=\count357
\l__pdf_backend_content_box=\box67
\l__pdf_backend_model_box=\box68
\g__pdf_backend_annotation_int=\count358
\g__pdf_backend_link_int=\count359
\g__pdf_backend_link_sf_int=\count360
) (d:/Kody/LaTeX/Zpevnik/Zpevnik.aux)
\openout1 = `Zpevnik.aux'.

LaTeX Font Info:    Checking defaults for OML/cmm/m/it on input line 73.
LaTeX Font Info:    ... okay on input line 73.
LaTeX Font Info:    Checking defaults for OMS/cmsy/m/n on input line 73.
LaTeX Font Info:    ... okay on input line 73.
LaTeX Font Info:    Checking defaults for OT1/cmr/m/n on input line 73.
LaTeX Font Info:    ... okay on input line 73.
LaTeX Font Info:    Checking defaults for T1/cmr/m/n on input line 73.
LaTeX Font Info:    ... okay on input line 73.
LaTeX Font Info:    Checking defaults for TS1/cmr/m/n on input line 73.
LaTeX Font Info:    ... okay on input line 73.
LaTeX Font Info:    Checking defaults for OMX/cmex/m/n on input line 73.
LaTeX Font Info:    ... okay on input line 73.
LaTeX Font Info:    Checking defaults for U/cmr/m/n on input line 73.
LaTeX Font Info:    ... okay on input line 73.
LaTeX Font Info:    Checking defaults for PD1/pdf/m/n on input line 73.
LaTeX Font Info:    ... okay on input line 73.
LaTeX Font Info:    Checking defaults for PU/pdf/m/n on input line 73.
LaTeX Font Info:    ... okay on input line 73.
LaTeX Font Info:    Trying to load font information for T1+cmss on input line 73.
 (c:/texlive/2020/texmf-dist/tex/latex/base/t1cmss.fd
File: t1cmss.fd 2019/12/16 v2.5j Standard LaTeX font definitions
)
LaTeX Font Info:    External font `cmex7' loaded for size
(Font)              <7> on input line 73.
LaTeX Font Info:    External font `cmex7' loaded for size
(Font)              <5> on input line 73.
\AtBeginShipoutBox=\box69
Package hyperref Info: Link coloring OFF on input line 73.
 (c:/texlive/2020/texmf-dist/tex/latex/hyperref/nameref.sty
Package: nameref 2019/09/16 v2.46 Cross-referencing by name of section
 (c:/texlive/2020/texmf-dist/tex/latex/refcount/refcount.sty
Package: refcount 2019/12/15 v3.6 Data extraction from label references (HO)
) (c:/texlive/2020/texmf-dist/tex/generic/gettitlestring/gettitlestring.sty
Package: gettitlestring 2019/12/15 v1.6 Cleanup title references (HO)
)
\c@section@level=\count361
)
LaTeX Info: Redefining \ref on input line 73.
LaTeX Info: Redefining \pageref on input line 73.
LaTeX Info: Redefining \nameref on input line 73.
 (d:/Kody/LaTeX/Zpevnik/Zpevnik.out) (d:/Kody/LaTeX/Zpevnik/Zpevnik.out)
\@outlinefile=\write4
\openout4 = `Zpevnik.out'.

 (Zpevnik.mx2) (d:/Kody/LaTeX/Zpevnik/Zpevnik.toc)
\tf@toc=\write5
\openout5 = `Zpevnik.toc'.

 [1

] (d:/Kody/LaTeX/Zpevnik/youlookedintomyeyes.tex) (d:/Kody/LaTeX/Zpevnik/proklatafordka.tex) (d:/Kody/LaTeX/Zpevnik/trikrize.tex [2

]) (d:/Kody/LaTeX/Zpevnik/bednavodwhisky.tex) (d:/Kody/LaTeX/Zpevnik/adesolationsong.tex [3]) (d:/Kody/LaTeX/Zpevnik/kneeltothecross.tex) (d:/Kody/LaTeX/Zpevnik/intheshadow.tex [4]) (d:/Kody/LaTeX/Zpevnik/allspectacular.tex) (d:/Kody/LaTeX/Zpevnik/snuff.tex [5]) (d:/Kody/LaTeX/Zpevnik/krtekjoy.tex) (d:/Kody/LaTeX/Zpevnik/dabelasyn.tex [6]) (d:/Kody/LaTeX/Zpevnik/andel.tex) (d:/Kody/LaTeX/Zpevnik/galgasang.tex [7]) (d:/Kody/LaTeX/Zpevnik/forsvinndusomlyser.tex) (d:/Kody/LaTeX/Zpevnik/svartdjup.tex [8]) (d:/Kody/LaTeX/Zpevnik/densistarunansdans.tex) (d:/Kody/LaTeX/Zpevnik/pennydreadful.tex [9]) (d:/Kody/LaTeX/Zpevnik/lastdayonearth.tex [10]) (d:/Kody/LaTeX/Zpevnik/starejbar.tex) (d:/Kody/LaTeX/Zpevnik/sweetdreams.tex bar 1 bar 2 bar 3 bar 1 bar 2 bar 3 bar 1 bar 2 bar 3 bar 1 bar 2 bar 3 bar 1 bar 2 bar 1 bar 2 bar 1 bar 2 bar 1 bar 2 bar 3 [11]) (d:/Kody/LaTeX/Zpevnik/los.tex bar 1 bar 2 bar 3 bar 1 bar 2 bar 3 bar 4 bar 5 bar 1 bar 2 bar 3 bar 1 bar 2 bar 3 bar 4 bar 5 [12]) [13]
Package atveryend Info: Empty hook `BeforeClearDocument' on input line 102.
Package atveryend Info: Empty hook `AfterLastShipout' on input line 102.
 (d:/Kody/LaTeX/Zpevnik/Zpevnik.aux)
Package atveryend Info: Empty hook `AtVeryEndDocument' on input line 102.
Package atveryend Info: Executing hook `AtEndAfterFileList' on input line 102.
Package rerunfilecheck Info: File `Zpevnik.out' has not changed.
(rerunfilecheck)             Checksum: D41D8CD98F00B204E9800998ECF8427E;0.
 ) 
Here is how much of TeX's memory you used:
 12712 strings out of 480609
 167749 string characters out of 5907562
 552515 words of memory out of 5000000
 28300 multiletter control sequences out of 15000+600000
 624840 words of font info for 211 fonts, out of 8000000 for 9000
 1141 hyphenation exceptions out of 8191
 37i,8n,35p,881b,598s stack positions out of 5000i,500n,10000p,200000b,80000s

Output written on d:/Kody/LaTeX/Zpevnik/Zpevnik.dvi (13 pages, 95356 bytes).
